18:04:53.365 [main] INFO  api.test.UserTest - ***************** Creating User ******************
18:04:55.118 [main] INFO  api.test.UserTest - ***************** User is Created ******************
18:04:55.145 [main] INFO  api.test.UserTest - ***************** Reading User Info ******************
18:04:56.853 [main] INFO  api.test.UserTest - ***************** User Info is Displayed ******************
18:04:56.882 [main] INFO  api.test.UserTest - ***************** Updating User Info ******************
18:05:00.357 [main] INFO  api.test.UserTest - ***************** User is Updated ******************
18:05:00.367 [main] INFO  api.test.UserTest - ***************** Deleting User ******************
18:05:02.158 [main] INFO  api.test.UserTest - ***************** User Deleted ******************
18:06:39.333 [main] INFO  api.test.UserTest - ***************** Creating User ******************
18:06:41.169 [main] INFO  api.test.UserTest - ***************** User is Created ******************
18:06:41.189 [main] INFO  api.test.UserTest - ***************** Reading User Info ******************
18:06:43.047 [main] INFO  api.test.UserTest - ***************** User Info is Displayed ******************
18:06:43.065 [main] INFO  api.test.UserTest - ***************** Updating User Info ******************
18:06:46.706 [main] INFO  api.test.UserTest - ***************** User is Updated ******************
18:06:46.717 [main] INFO  api.test.UserTest - ***************** Deleting User ******************
18:06:49.033 [main] INFO  api.test.UserTest - ***************** User Deleted ******************
18:39:56.891 [main] INFO  api.test.UserTest - ***************** Creating User ******************
18:40:04.304 [main] INFO  api.test.UserTest - ***************** User is Created ******************
18:40:04.385 [main] INFO  api.test.UserTest - ***************** Reading User Info ******************
18:40:06.287 [main] INFO  api.test.UserTest - ***************** User Info is Displayed ******************
18:40:06.312 [main] INFO  api.test.UserTest - ***************** Updating User Info ******************
18:40:09.962 [main] INFO  api.test.UserTest - ***************** User is Updated ******************
18:40:09.990 [main] INFO  api.test.UserTest - ***************** Deleting User ******************
18:40:12.003 [main] INFO  api.test.UserTest - ***************** User Deleted ******************
14:46:58.752 [main] INFO  api.test.UserTest - ***************** Creating User ******************
14:47:00.078 [main] INFO  api.test.UserTest - ***************** User is Created ******************
14:47:00.079 [main] INFO  api.test.UserTest - ***************** Reading User Info ******************
14:47:01.408 [main] INFO  api.test.UserTest - ***************** User Info is Displayed ******************
14:47:01.409 [main] INFO  api.test.UserTest - ***************** Updating User Info ******************
14:47:04.158 [main] INFO  api.test.UserTest - ***************** User is Updated ******************
14:47:04.159 [main] INFO  api.test.UserTest - ***************** Deleting User ******************
14:47:05.595 [main] INFO  api.test.UserTest - ***************** User Deleted ******************
14:56:49.102 [main] INFO  api.test.UserTest - ***************** Creating User ******************
14:56:51.103 [main] INFO  api.test.UserTest - ***************** User is Created ******************
14:56:51.104 [main] INFO  api.test.UserTest - ***************** Reading User Info ******************
14:56:53.470 [main] INFO  api.test.UserTest - ***************** User Info is Displayed ******************
14:56:53.472 [main] INFO  api.test.UserTest - ***************** Updating User Info ******************
14:56:56.713 [main] INFO  api.test.UserTest - ***************** User is Updated ******************
14:56:56.714 [main] INFO  api.test.UserTest - ***************** Deleting User ******************
14:56:58.190 [main] INFO  api.test.UserTest - ***************** User Deleted ******************
14:58:26.412 [main] INFO  api.test.UserTest - ***************** Creating User ******************
14:58:28.449 [main] INFO  api.test.UserTest - ***************** User is Created ******************
14:58:28.451 [main] INFO  api.test.UserTest - ***************** Reading User Info ******************
14:58:30.139 [main] INFO  api.test.UserTest - ***************** User Info is Displayed ******************
14:58:30.140 [main] INFO  api.test.UserTest - ***************** Updating User Info ******************
14:58:33.230 [main] INFO  api.test.UserTest - ***************** User is Updated ******************
14:58:33.233 [main] INFO  api.test.UserTest - ***************** Deleting User ******************
14:58:34.799 [main] INFO  api.test.UserTest - ***************** User Deleted ******************
22:23:02.175 [main] INFO  api.test.UserTest - ***************** Creating User ******************
22:23:03.897 [main] INFO  api.test.UserTest - ***************** User is Created ******************
22:23:03.899 [main] INFO  api.test.UserTest - ***************** Reading User Info ******************
22:23:05.722 [main] INFO  api.test.UserTest - ***************** User Info is Displayed ******************
22:23:05.725 [main] INFO  api.test.UserTest - ***************** Updating User Info ******************
22:23:09.409 [main] INFO  api.test.UserTest - ***************** User is Updated ******************
22:23:09.410 [main] INFO  api.test.UserTest - ***************** Deleting User ******************
22:23:11.211 [main] INFO  api.test.UserTest - ***************** User Deleted ******************
